/home/hz466/env/lib/python3.12/site-packages/kani/engines/openai/engine.py:113: UserWarning: Could not find a tokenizer for the deepseek-reasoner model. You may need to update tiktoken.
  warnings.warn(f"Could not find a tokenizer for the {self.model} model. You may need to update tiktoken.")
/home/hz466/env/lib/python3.12/site-packages/kani/engines/openai/engine.py:113: UserWarning: Could not find a tokenizer for the deepseek-reasoner model. You may need to update tiktoken.
  warnings.warn(f"Could not find a tokenizer for the {self.model} model. You may need to update tiktoken.")
Running model: DeepSeek-R1
Running task: trip
Running example: trip_planning_example_1088
Running example: trip_planning_example_1424
An error occurred: Expecting value: line 10 column 1 (char 9). Retrying in 5 seconds...
Running model: DeepSeek-R1
Running example: trip_planning_example_344
Running example: trip_planning_example_1392
Running example: trip_planning_example_500
Running example: trip_planning_example_1097
Running example: trip_planning_example_421
Running example: trip_planning_example_1075
Running example: trip_planning_example_1370
Running example: trip_planning_example_1116
Running example: trip_planning_example_762
Running example: trip_planning_example_1511
Running example: trip_planning_example_587
Running example: trip_planning_example_90
Running example: trip_planning_example_1487
Running example: trip_planning_example_684
Running example: trip_planning_example_1434
Running example: trip_planning_example_1568
Running example: trip_planning_example_464
Running example: trip_planning_example_1572
OSError: [Errno 28] No space left on device

During handling of the above exception, another exception occurred:

Traceback (most recent call last):
  File "/home/hz466/calendar-planning/source/generate_smt_input.py", line 100, in <module>
    # Save raw response text
OSError: [Errno 28] No space left on device
